Analysis & Synthesis report for NetworkAnalyser
Thu Jun  1 20:57:45 2023
Quartus II 64-Bit Version 13.0.1 Build 232 06/12/2013 Service Pack 1 SJ Web Edition


---------------------
; Table of Contents ;
---------------------
  1. Legal Notice
  2. Analysis & Synthesis Summary
  3. Analysis & Synthesis Settings
  4. Parallel Compilation
  5. Analysis & Synthesis Source Files Read
  6. Analysis & Synthesis Resource Usage Summary
  7. Analysis & Synthesis Resource Utilization by Entity
  8. Analysis & Synthesis RAM Summary
  9. General Register Statistics
 10. Inverted Register Statistics
 11. Multiplexer Restructuring Statistics (Restructuring Performed)
 12. Parameter Settings for Inferred Entity Instance: sld_signaltap:SPI_DEBUG
 13. Port Connectivity Checks: "FrequencyDivider:FrequencyDivider_module"
 14. SignalTap II Logic Analyzer Settings
 15. Elapsed Time Per Partition
 16. Connections to In-System Debugging Instance "SPI_DEBUG"
 17. Analysis & Synthesis Messages



----------------
; Legal Notice ;
----------------
Copyright (C) 1991-2013 Altera Corporation
Your use of Altera Corporation's design tools, logic functions 
and other software and tools, and its AMPP partner logic 
functions, and any output files from any of the foregoing 
(including device programming or simulation files), and any 
associated documentation or information are expressly subject 
to the terms and conditions of the Altera Program License 
Subscription Agreement, Altera MegaCore Function License 
Agreement, or other applicable license agreement, including, 
without limitation, that your use is for the sole purpose of 
programming logic devices manufactured by Altera and sold by 
Altera or its authorized distributors.  Please refer to the 
applicable agreement for further details.



+--------------------------------------------------------------------------------------+
; Analysis & Synthesis Summary                                                         ;
+------------------------------------+-------------------------------------------------+
; Analysis & Synthesis Status        ; Successful - Thu Jun  1 20:57:45 2023           ;
; Quartus II 64-Bit Version          ; 13.0.1 Build 232 06/12/2013 SP 1 SJ Web Edition ;
; Revision Name                      ; NetworkAnalyser                                 ;
; Top-level Entity Name              ; NetworkAnalyser                                 ;
; Family                             ; Cyclone II                                      ;
; Total logic elements               ; 700                                             ;
;     Total combinational functions  ; 461                                             ;
;     Dedicated logic registers      ; 525                                             ;
; Total registers                    ; 525                                             ;
; Total pins                         ; 15                                              ;
; Total virtual pins                 ; 0                                               ;
; Total memory bits                  ; 32,768                                          ;
; Embedded Multiplier 9-bit elements ; 0                                               ;
; Total PLLs                         ; 0                                               ;
+------------------------------------+-------------------------------------------------+


+----------------------------------------------------------------------------------------------------------------------+
; Analysis & Synthesis Settings                                                                                        ;
+----------------------------------------------------------------------------+--------------------+--------------------+
; Option                                                                     ; Setting            ; Default Value      ;
+----------------------------------------------------------------------------+--------------------+--------------------+
; Device                                                                     ; EP2C5T144C8        ;                    ;
; Top-level entity name                                                      ; NetworkAnalyser    ; NetworkAnalyser    ;
; Family name                                                                ; Cyclone II         ; Cyclone IV GX      ;
; Use smart compilation                                                      ; Off                ; Off                ;
; Enable parallel Assembler and TimeQuest Timing Analyzer during compilation ; On                 ; On                 ;
; Enable compact report table                                                ; Off                ; Off                ;
; Restructure Multiplexers                                                   ; Auto               ; Auto               ;
; Create Debugging Nodes for IP Cores                                        ; Off                ; Off                ;
; Preserve fewer node names                                                  ; On                 ; On                 ;
; Disable OpenCore Plus hardware evaluation                                  ; Off                ; Off                ;
; Verilog Version                                                            ; Verilog_2001       ; Verilog_2001       ;
; VHDL Version                                                               ; VHDL_1993          ; VHDL_1993          ;
; State Machine Processing                                                   ; Auto               ; Auto               ;
; Safe State Machine                                                         ; Off                ; Off                ;
; Extract Verilog State Machines                                             ; On                 ; On                 ;
; Extract VHDL State Machines                                                ; On                 ; On                 ;
; Ignore Verilog initial constructs                                          ; Off                ; Off                ;
; Iteration limit for constant Verilog loops                                 ; 5000               ; 5000               ;
; Iteration limit for non-constant Verilog loops                             ; 250                ; 250                ;
; Add Pass-Through Logic to Inferred RAMs                                    ; On                 ; On                 ;
; Infer RAMs from Raw Logic                                                  ; On                 ; On                 ;
; Parallel Synthesis                                                         ; On                 ; On                 ;
; DSP Block Balancing                                                        ; Auto               ; Auto               ;
; NOT Gate Push-Back                                                         ; On                 ; On                 ;
; Power-Up Don't Care                                                        ; On                 ; On                 ;
; Remove Redundant Logic Cells                                               ; Off                ; Off                ;
; Remove Duplicate Registers                                                 ; On                 ; On                 ;
; Ignore CARRY Buffers                                                       ; Off                ; Off                ;
; Ignore CASCADE Buffers                                                     ; Off                ; Off                ;
; Ignore GLOBAL Buffers                                                      ; Off                ; Off                ;
; Ignore ROW GLOBAL Buffers                                                  ; Off                ; Off                ;
; Ignore LCELL Buffers                                                       ; Off                ; Off                ;
; Ignore SOFT Buffers                                                        ; On                 ; On                 ;
; Limit AHDL Integers to 32 Bits                                             ; Off                ; Off                ;
; Optimization Technique                                                     ; Balanced           ; Balanced           ;
; Carry Chain Length                                                         ; 70                 ; 70                 ;
; Auto Carry Chains                                                          ; On                 ; On                 ;
; Auto Open-Drain Pins                                                       ; On                 ; On                 ;
; Perform WYSIWYG Primitive Resynthesis                                      ; Off                ; Off                ;
; Auto ROM Replacement                                                       ; On                 ; On                 ;
; Auto RAM Replacement                                                       ; On                 ; On                 ;
; Auto Shift Register Replacement                                            ; Auto               ; Auto               ;
; Allow Shift Register Merging across Hierarchies                            ; Auto               ; Auto               ;
; Auto Clock Enable Replacement                                              ; On                 ; On                 ;
; Strict RAM Replacement                                                     ; Off                ; Off                ;
; Allow Synchronous Control Signals                                          ; On                 ; On                 ;
; Force Use of Synchronous Clear Signals                                     ; Off                ; Off                ;
; Auto RAM to Logic Cell Conversion                                          ; Off                ; Off                ;
; Auto Resource Sharing                                                      ; Off                ; Off                ;
; Allow Any RAM Size For Recognition                                         ; Off                ; Off                ;
; Allow Any ROM Size For Recognition                                         ; Off                ; Off                ;
; Allow Any Shift Register Size For Recognition                              ; Off                ; Off                ;
; Use LogicLock Constraints during Resource Balancing                        ; On                 ; On                 ;
; Ignore translate_off and synthesis_off directives                          ; Off                ; Off                ;
; Timing-Driven Synthesis                                                    ; Off                ; Off                ;
; Report Parameter Settings                                                  ; On                 ; On                 ;
; Report Source Assignments                                                  ; On                 ; On                 ;
; Report Connectivity Checks                                                 ; On                 ; On                 ;
; Ignore Maximum Fan-Out Assignments                                         ; Off                ; Off                ;
; Synchronization Register Chain Length                                      ; 2                  ; 2                  ;
; PowerPlay Power Optimization                                               ; Normal compilation ; Normal compilation ;
; HDL message level                                                          ; Level2             ; Level2             ;
; Suppress Register Optimization Related Messages                            ; Off                ; Off                ;
; Number of Removed Registers Reported in Synthesis Report                   ; 5000               ; 5000               ;
; Number of Swept Nodes Reported in Synthesis Report                         ; 5000               ; 5000               ;
; Number of Inverted Registers Reported in Synthesis Report                  ; 100                ; 100                ;
; Clock MUX Protection                                                       ; On                 ; On                 ;
; Auto Gated Clock Conversion                                                ; Off                ; Off                ;
; Block Design Naming                                                        ; Auto               ; Auto               ;
; SDC constraint protection                                                  ; Off                ; Off                ;
; Synthesis Effort                                                           ; Auto               ; Auto               ;
; Shift Register Replacement - Allow Asynchronous Clear Signal               ; On                 ; On                 ;
; Pre-Mapping Resynthesis Optimization                                       ; Off                ; Off                ;
; Analysis & Synthesis Message Level                                         ; Medium             ; Medium             ;
; Disable Register Merging Across Hierarchies                                ; Auto               ; Auto               ;
; Resource Aware Inference For Block RAM                                     ; On                 ; On                 ;
; Synthesis Seed                                                             ; 1                  ; 1                  ;
+----------------------------------------------------------------------------+--------------------+--------------------+


+------------------------------------------+
; Parallel Compilation                     ;
+----------------------------+-------------+
; Processors                 ; Number      ;
+----------------------------+-------------+
; Number detected on machine ; 4           ;
; Maximum allowed            ; 2           ;
;                            ;             ;
; Average used               ; 1.00        ;
; Maximum used               ; 1           ;
;                            ;             ;
; Usage by Processor         ; % Time Used ;
;     Processor 1            ; 100.0%      ;
;     Processors 2-4         ;   0.0%      ;
+----------------------------+-------------+


+---------------------------------------------------------------------------------------------------------------------------------------------------------------------------+
; Analysis & Synthesis Source Files Read                                                                                                                                    ;
+----------------------------------+-----------------+------------------------------+-----------------------------------------------------------------------------+---------+
; File Name with User-Entered Path ; Used in Netlist ; File Type                    ; File Name with Absolute Path                                                ; Library ;
+----------------------------------+-----------------+------------------------------+-----------------------------------------------------------------------------+---------+
; NetworkAnalyser.vhd              ; yes             ; User VHDL File               ; /ice/code.lab/IceNET/IceNET.NetworkAnalyser/hardware/NetworkAnalyser.vhd    ;         ;
; debounce.vhd                     ; yes             ; User VHDL File               ; /ice/code.lab/IceNET/IceNET.NetworkAnalyser/hardware/debounce.vhd           ;         ;
; FrequencyDivider.vhd             ; yes             ; User VHDL File               ; /ice/code.lab/IceNET/IceNET.NetworkAnalyser/hardware/FrequencyDivider.vhd   ;         ;
; sld_signaltap.vhd                ; yes             ; Megafunction                 ; /ice/q13/quartus/libraries/megafunctions/sld_signaltap.vhd                  ;         ;
; sld_signaltap_impl.vhd           ; yes             ; Encrypted Megafunction       ; /ice/q13/quartus/libraries/megafunctions/sld_signaltap_impl.vhd             ;         ;
; sld_ela_control.vhd              ; yes             ; Encrypted Megafunction       ; /ice/q13/quartus/libraries/megafunctions/sld_ela_control.vhd                ;         ;
; lpm_shiftreg.tdf                 ; yes             ; Megafunction                 ; /ice/q13/quartus/libraries/megafunctions/lpm_shiftreg.tdf                   ;         ;
; lpm_constant.inc                 ; yes             ; Megafunction                 ; /ice/q13/quartus/libraries/megafunctions/lpm_constant.inc                   ;         ;
; dffeea.inc                       ; yes             ; Megafunction                 ; /ice/q13/quartus/libraries/megafunctions/dffeea.inc                         ;         ;
; aglobal130.inc                   ; yes             ; Megafunction                 ; /ice/q13/quartus/libraries/megafunctions/aglobal130.inc                     ;         ;
; sld_mbpmg.vhd                    ; yes             ; Encrypted Megafunction       ; /ice/q13/quartus/libraries/megafunctions/sld_mbpmg.vhd                      ;         ;
; sld_ela_trigger_flow_mgr.vhd     ; yes             ; Encrypted Megafunction       ; /ice/q13/quartus/libraries/megafunctions/sld_ela_trigger_flow_mgr.vhd       ;         ;
; sld_buffer_manager.vhd           ; yes             ; Encrypted Megafunction       ; /ice/q13/quartus/libraries/megafunctions/sld_buffer_manager.vhd             ;         ;
; altsyncram.tdf                   ; yes             ; Megafunction                 ; /ice/q13/quartus/libraries/megafunctions/altsyncram.tdf                     ;         ;
; stratix_ram_block.inc            ; yes             ; Megafunction                 ; /ice/q13/quartus/libraries/megafunctions/stratix_ram_block.inc              ;         ;
; lpm_mux.inc                      ; yes             ; Megafunction                 ; /ice/q13/quartus/libraries/megafunctions/lpm_mux.inc                        ;         ;
; lpm_decode.inc                   ; yes             ; Megafunction                 ; /ice/q13/quartus/libraries/megafunctions/lpm_decode.inc                     ;         ;
; a_rdenreg.inc                    ; yes             ; Megafunction                 ; /ice/q13/quartus/libraries/megafunctions/a_rdenreg.inc                      ;         ;
; altrom.inc                       ; yes             ; Megafunction                 ; /ice/q13/quartus/libraries/megafunctions/altrom.inc                         ;         ;
; altram.inc                       ; yes             ; Megafunction                 ; /ice/q13/quartus/libraries/megafunctions/altram.inc                         ;         ;
; altdpram.inc                     ; yes             ; Megafunction                 ; /ice/q13/quartus/libraries/megafunctions/altdpram.inc                       ;         ;
; db/altsyncram_5q14.tdf           ; yes             ; Auto-Generated Megafunction  ; /ice/code.lab/IceNET/IceNET.NetworkAnalyser/hardware/db/altsyncram_5q14.tdf ;         ;
; db/altsyncram_deq1.tdf           ; yes             ; Auto-Generated Megafunction  ; /ice/code.lab/IceNET/IceNET.NetworkAnalyser/hardware/db/altsyncram_deq1.tdf ;         ;
; altdpram.tdf                     ; yes             ; Megafunction                 ; /ice/q13/quartus/libraries/megafunctions/altdpram.tdf                       ;         ;
; memmodes.inc                     ; yes             ; Megafunction                 ; /ice/q13/quartus/libraries/others/maxplus2/memmodes.inc                     ;         ;
; a_hdffe.inc                      ; yes             ; Megafunction                 ; /ice/q13/quartus/libraries/megafunctions/a_hdffe.inc                        ;         ;
; alt_le_rden_reg.inc              ; yes             ; Megafunction                 ; /ice/q13/quartus/libraries/megafunctions/alt_le_rden_reg.inc                ;         ;
; altsyncram.inc                   ; yes             ; Megafunction                 ; /ice/q13/quartus/libraries/megafunctions/altsyncram.inc                     ;         ;
; lpm_mux.tdf                      ; yes             ; Megafunction                 ; /ice/q13/quartus/libraries/megafunctions/lpm_mux.tdf                        ;         ;
; muxlut.inc                       ; yes             ; Megafunction                 ; /ice/q13/quartus/libraries/megafunctions/muxlut.inc                         ;         ;
; bypassff.inc                     ; yes             ; Megafunction                 ; /ice/q13/quartus/libraries/megafunctions/bypassff.inc                       ;         ;
; altshift.inc                     ; yes             ; Megafunction                 ; /ice/q13/quartus/libraries/megafunctions/altshift.inc                       ;         ;
; db/mux_boc.tdf                   ; yes             ; Auto-Generated Megafunction  ; /ice/code.lab/IceNET/IceNET.NetworkAnalyser/hardware/db/mux_boc.tdf         ;         ;
; lpm_decode.tdf                   ; yes             ; Megafunction                 ; /ice/q13/quartus/libraries/megafunctions/lpm_decode.tdf                     ;         ;
; declut.inc                       ; yes             ; Megafunction                 ; /ice/q13/quartus/libraries/megafunctions/declut.inc                         ;         ;
; lpm_compare.inc                  ; yes             ; Megafunction                 ; /ice/q13/quartus/libraries/megafunctions/lpm_compare.inc                    ;         ;
; db/decode_rqf.tdf                ; yes             ; Auto-Generated Megafunction  ; /ice/code.lab/IceNET/IceNET.NetworkAnalyser/hardware/db/decode_rqf.tdf      ;         ;
; lpm_counter.tdf                  ; yes             ; Megafunction                 ; /ice/q13/quartus/libraries/megafunctions/lpm_counter.tdf                    ;         ;
; lpm_add_sub.inc                  ; yes             ; Megafunction                 ; /ice/q13/quartus/libraries/megafunctions/lpm_add_sub.inc                    ;         ;
; cmpconst.inc                     ; yes             ; Megafunction                 ; /ice/q13/quartus/libraries/megafunctions/cmpconst.inc                       ;         ;
; lpm_counter.inc                  ; yes             ; Megafunction                 ; /ice/q13/quartus/libraries/megafunctions/lpm_counter.inc                    ;         ;
; alt_counter_stratix.inc          ; yes             ; Megafunction                 ; /ice/q13/quartus/libraries/megafunctions/alt_counter_stratix.inc            ;         ;
; db/cntr_dai.tdf                  ; yes             ; Auto-Generated Megafunction  ; /ice/code.lab/IceNET/IceNET.NetworkAnalyser/hardware/db/cntr_dai.tdf        ;         ;
; db/cntr_45j.tdf                  ; yes             ; Auto-Generated Megafunction  ; /ice/code.lab/IceNET/IceNET.NetworkAnalyser/hardware/db/cntr_45j.tdf        ;         ;
; db/cntr_ubi.tdf                  ; yes             ; Auto-Generated Megafunction  ; /ice/code.lab/IceNET/IceNET.NetworkAnalyser/hardware/db/cntr_ubi.tdf        ;         ;
; db/cmpr_9cc.tdf                  ; yes             ; Auto-Generated Megafunction  ; /ice/code.lab/IceNET/IceNET.NetworkAnalyser/hardware/db/cmpr_9cc.tdf        ;         ;
; db/cntr_gui.tdf                  ; yes             ; Auto-Generated Megafunction  ; /ice/code.lab/IceNET/IceNET.NetworkAnalyser/hardware/db/cntr_gui.tdf        ;         ;
; db/cmpr_5cc.tdf                  ; yes             ; Auto-Generated Megafunction  ; /ice/code.lab/IceNET/IceNET.NetworkAnalyser/hardware/db/cmpr_5cc.tdf        ;         ;
; sld_rom_sr.vhd                   ; yes             ; Encrypted Megafunction       ; /ice/q13/quartus/libraries/megafunctions/sld_rom_sr.vhd                     ;         ;
; sld_hub.vhd                      ; yes             ; Encrypted Megafunction       ; /ice/q13/quartus/libraries/megafunctions/sld_hub.vhd                        ;         ;
; sld_jtag_hub.vhd                 ; yes             ; Encrypted Megafunction       ; /ice/q13/quartus/libraries/megafunctions/sld_jtag_hub.vhd                   ;         ;
+----------------------------------+-----------------+------------------------------+-----------------------------------------------------------------------------+---------+


+------------------------------------------------------------------------+
; Analysis & Synthesis Resource Usage Summary                            ;
+---------------------------------------------+--------------------------+
; Resource                                    ; Usage                    ;
+---------------------------------------------+--------------------------+
; Estimated Total logic elements              ; 700                      ;
;                                             ;                          ;
; Total combinational functions               ; 461                      ;
; Logic element usage by number of LUT inputs ;                          ;
;     -- 4 input functions                    ; 165                      ;
;     -- 3 input functions                    ; 134                      ;
;     -- <=2 input functions                  ; 162                      ;
;                                             ;                          ;
; Logic elements by mode                      ;                          ;
;     -- normal mode                          ; 369                      ;
;     -- arithmetic mode                      ; 92                       ;
;                                             ;                          ;
; Total registers                             ; 525                      ;
;     -- Dedicated logic registers            ; 525                      ;
;     -- I/O registers                        ; 0                        ;
;                                             ;                          ;
; I/O pins                                    ; 15                       ;
; Total memory bits                           ; 32768                    ;
; Embedded Multiplier 9-bit elements          ; 0                        ;
; Maximum fan-out node                        ; altera_internal_jtag~TDO ;
; Maximum fan-out                             ; 300                      ;
; Total fan-out                               ; 3276                     ;
; Average fan-out                             ; 3.23                     ;
+---------------------------------------------+--------------------------+


+------------------------------------------------------------------------------------------------------------------------------------------------------------------------------------------------------------------------------------------------------------------------------------------------------------------------------------------------------------------------------------------------------------------------------------------------------------------------------------------------------------------------------------------------------------------------------------+
; Analysis & Synthesis Resource Utilization by Entity                                                                                                                                                                                                                                                                                                                                                                                                                                                                                                                                ;
+---------------------------------------------------------------------------------------------------------+-------------------+--------------+-------------+--------------+---------+-----------+------+--------------+-----------------------------------------------------------------------------------------------------------------------------------------------------------------------------------------------------------------------------------------------------------------------------------------------------------------------------------------------+--------------+
; Compilation Hierarchy Node                                                                              ; LC Combinationals ; LC Registers ; Memory Bits ; DSP Elements ; DSP 9x9 ; DSP 18x18 ; Pins ; Virtual Pins ; Full Hierarchy Name                                                                                                                                                                                                                                                                                                                           ; Library Name ;
+---------------------------------------------------------------------------------------------------------+-------------------+--------------+-------------+--------------+---------+-----------+------+--------------+-----------------------------------------------------------------------------------------------------------------------------------------------------------------------------------------------------------------------------------------------------------------------------------------------------------------------------------------------+--------------+
; |NetworkAnalyser                                                                                        ; 461 (4)           ; 525 (4)      ; 32768       ; 0            ; 0       ; 0         ; 15   ; 0            ; |NetworkAnalyser                                                                                                                                                                                                                                                                                                                              ; work         ;
;    |debounce:debounce_module|                                                                           ; 46 (46)           ; 34 (34)      ; 0           ; 0            ; 0       ; 0         ; 0    ; 0            ; |NetworkAnalyser|debounce:debounce_module                                                                                                                                                                                                                                                                                                     ; work         ;
;    |sld_hub:auto_hub|                                                                                   ; 121 (1)           ; 86 (0)       ; 0           ; 0            ; 0       ; 0         ; 0    ; 0            ; |NetworkAnalyser|sld_hub:auto_hub                                                                                                                                                                                                                                                                                                             ; work         ;
;       |sld_jtag_hub:\jtag_hub_gen:sld_jtag_hub_inst|                                                    ; 120 (82)          ; 86 (58)      ; 0           ; 0            ; 0       ; 0         ; 0    ; 0            ; |NetworkAnalyser|sld_hub:auto_hub|sld_jtag_hub:\jtag_hub_gen:sld_jtag_hub_inst                                                                                                                                                                                                                                                                ; work         ;
;          |sld_rom_sr:hub_info_reg|                                                                      ; 21 (21)           ; 9 (9)        ; 0           ; 0            ; 0       ; 0         ; 0    ; 0            ; |NetworkAnalyser|sld_hub:auto_hub|sld_jtag_hub:\jtag_hub_gen:sld_jtag_hub_inst|sld_rom_sr:hub_info_reg                                                                                                                                                                                                                                        ; work         ;
;          |sld_shadow_jsm:shadow_jsm|                                                                    ; 17 (17)           ; 19 (19)      ; 0           ; 0            ; 0       ; 0         ; 0    ; 0            ; |NetworkAnalyser|sld_hub:auto_hub|sld_jtag_hub:\jtag_hub_gen:sld_jtag_hub_inst|sld_shadow_jsm:shadow_jsm                                                                                                                                                                                                                                      ; work         ;
;    |sld_signaltap:SPI_DEBUG|                                                                            ; 290 (1)           ; 401 (16)     ; 32768       ; 0            ; 0       ; 0         ; 0    ; 0            ; |NetworkAnalyser|sld_signaltap:SPI_DEBUG                                                                                                                                                                                                                                                                                                      ; work         ;
;       |sld_signaltap_impl:sld_signaltap_body|                                                           ; 289 (0)           ; 385 (0)      ; 32768       ; 0            ; 0       ; 0         ; 0    ; 0            ; |NetworkAnalyser|sld_signaltap:SPI_DEBUG|sld_signaltap_impl:sld_signaltap_body                                                                                                                                                                                                                                                                ; work         ;
;          |sld_signaltap_implb:sld_signaltap_body|                                                       ; 289 (21)          ; 385 (68)     ; 32768       ; 0            ; 0       ; 0         ; 0    ; 0            ; |NetworkAnalyser|sld_signaltap:SPI_DEBUG|sld_signaltap_impl:sld_signaltap_body|sld_signaltap_implb:sld_signaltap_body                                                                                                                                                                                                                         ; work         ;
;             |altdpram:\stp_non_zero_ram_gen:attribute_mem_gen:attribute_mem|                            ; 27 (0)            ; 76 (76)      ; 0           ; 0            ; 0       ; 0         ; 0    ; 0            ; |NetworkAnalyser|sld_signaltap:SPI_DEBUG|sld_signaltap_impl:sld_signaltap_body|sld_signaltap_implb:sld_signaltap_body|altdpram:\stp_non_zero_ram_gen:attribute_mem_gen:attribute_mem                                                                                                                                                          ; work         ;
;                |lpm_decode:wdecoder|                                                                    ; 2 (0)             ; 0 (0)        ; 0           ; 0            ; 0       ; 0         ; 0    ; 0            ; |NetworkAnalyser|sld_signaltap:SPI_DEBUG|sld_signaltap_impl:sld_signaltap_body|sld_signaltap_implb:sld_signaltap_body|altdpram:\stp_non_zero_ram_gen:attribute_mem_gen:attribute_mem|lpm_decode:wdecoder                                                                                                                                      ; work         ;
;                   |decode_rqf:auto_generated|                                                           ; 2 (2)             ; 0 (0)        ; 0           ; 0            ; 0       ; 0         ; 0    ; 0            ; |NetworkAnalyser|sld_signaltap:SPI_DEBUG|sld_signaltap_impl:sld_signaltap_body|sld_signaltap_implb:sld_signaltap_body|altdpram:\stp_non_zero_ram_gen:attribute_mem_gen:attribute_mem|lpm_decode:wdecoder|decode_rqf:auto_generated                                                                                                            ; work         ;
;                |lpm_mux:mux|                                                                            ; 25 (0)            ; 0 (0)        ; 0           ; 0            ; 0       ; 0         ; 0    ; 0            ; |NetworkAnalyser|sld_signaltap:SPI_DEBUG|sld_signaltap_impl:sld_signaltap_body|sld_signaltap_implb:sld_signaltap_body|altdpram:\stp_non_zero_ram_gen:attribute_mem_gen:attribute_mem|lpm_mux:mux                                                                                                                                              ; work         ;
;                   |mux_boc:auto_generated|                                                              ; 25 (25)           ; 0 (0)        ; 0           ; 0            ; 0       ; 0         ; 0    ; 0            ; |NetworkAnalyser|sld_signaltap:SPI_DEBUG|sld_signaltap_impl:sld_signaltap_body|sld_signaltap_implb:sld_signaltap_body|altdpram:\stp_non_zero_ram_gen:attribute_mem_gen:attribute_mem|lpm_mux:mux|mux_boc:auto_generated                                                                                                                       ; work         ;
;             |altsyncram:\stp_non_zero_ram_gen:stp_buffer_ram|                                           ; 0 (0)             ; 0 (0)        ; 32768       ; 0            ; 0       ; 0         ; 0    ; 0            ; |NetworkAnalyser|sld_signaltap:SPI_DEBUG|sld_signaltap_impl:sld_signaltap_body|sld_signaltap_implb:sld_signaltap_body|altsyncram:\stp_non_zero_ram_gen:stp_buffer_ram                                                                                                                                                                         ; work         ;
;                |altsyncram_5q14:auto_generated|                                                         ; 0 (0)             ; 0 (0)        ; 32768       ; 0            ; 0       ; 0         ; 0    ; 0            ; |NetworkAnalyser|sld_signaltap:SPI_DEBUG|sld_signaltap_impl:sld_signaltap_body|sld_signaltap_implb:sld_signaltap_body|altsyncram:\stp_non_zero_ram_gen:stp_buffer_ram|altsyncram_5q14:auto_generated                                                                                                                                          ; work         ;
;                   |altsyncram_deq1:altsyncram1|                                                         ; 0 (0)             ; 0 (0)        ; 32768       ; 0            ; 0       ; 0         ; 0    ; 0            ; |NetworkAnalyser|sld_signaltap:SPI_DEBUG|sld_signaltap_impl:sld_signaltap_body|sld_signaltap_implb:sld_signaltap_body|altsyncram:\stp_non_zero_ram_gen:stp_buffer_ram|altsyncram_5q14:auto_generated|altsyncram_deq1:altsyncram1                                                                                                              ; work         ;
;             |lpm_shiftreg:segment_offset_config_deserialize|                                            ; 0 (0)             ; 12 (12)      ; 0           ; 0            ; 0       ; 0         ; 0    ; 0            ; |NetworkAnalyser|sld_signaltap:SPI_DEBUG|sld_signaltap_impl:sld_signaltap_body|sld_signaltap_implb:sld_signaltap_body|lpm_shiftreg:segment_offset_config_deserialize                                                                                                                                                                          ; work         ;
;             |lpm_shiftreg:status_register|                                                              ; 17 (17)           ; 17 (17)      ; 0           ; 0            ; 0       ; 0         ; 0    ; 0            ; |NetworkAnalyser|sld_signaltap:SPI_DEBUG|sld_signaltap_impl:sld_signaltap_body|sld_signaltap_implb:sld_signaltap_body|lpm_shiftreg:status_register                                                                                                                                                                                            ; work         ;
;             |sld_buffer_manager:sld_buffer_manager_inst|                                                ; 93 (93)           ; 69 (69)      ; 0           ; 0            ; 0       ; 0         ; 0    ; 0            ; |NetworkAnalyser|sld_signaltap:SPI_DEBUG|sld_signaltap_impl:sld_signaltap_body|sld_signaltap_implb:sld_signaltap_body|sld_buffer_manager:sld_buffer_manager_inst                                                                                                                                                                              ; work         ;
;             |sld_ela_control:ela_control|                                                               ; 20 (1)            ; 56 (1)       ; 0           ; 0            ; 0       ; 0         ; 0    ; 0            ; |NetworkAnalyser|sld_signaltap:SPI_DEBUG|sld_signaltap_impl:sld_signaltap_body|sld_signaltap_implb:sld_signaltap_body|sld_ela_control:ela_control                                                                                                                                                                                             ; work         ;
;                |lpm_shiftreg:trigger_config_deserialize|                                                ; 0 (0)             ; 4 (4)        ; 0           ; 0            ; 0       ; 0         ; 0    ; 0            ; |NetworkAnalyser|sld_signaltap:SPI_DEBUG|sld_signaltap_impl:sld_signaltap_body|sld_signaltap_implb:sld_signaltap_body|sld_ela_control:ela_control|lpm_shiftreg:trigger_config_deserialize                                                                                                                                                     ; work         ;
;                |sld_ela_basic_multi_level_trigger:\basic_multi_level_mbpm_trigger_gen:multi_level_mbpm| ; 16 (0)            ; 40 (0)       ; 0           ; 0            ; 0       ; 0         ; 0    ; 0            ; |NetworkAnalyser|sld_signaltap:SPI_DEBUG|sld_signaltap_impl:sld_signaltap_body|sld_signaltap_implb:sld_signaltap_body|sld_ela_control:ela_control|sld_ela_basic_multi_level_trigger:\basic_multi_level_mbpm_trigger_gen:multi_level_mbpm                                                                                                      ; work         ;
;                   |lpm_shiftreg:trigger_condition_deserialize|                                          ; 0 (0)             ; 24 (24)      ; 0           ; 0            ; 0       ; 0         ; 0    ; 0            ; |NetworkAnalyser|sld_signaltap:SPI_DEBUG|sld_signaltap_impl:sld_signaltap_body|sld_signaltap_implb:sld_signaltap_body|sld_ela_control:ela_control|sld_ela_basic_multi_level_trigger:\basic_multi_level_mbpm_trigger_gen:multi_level_mbpm|lpm_shiftreg:trigger_condition_deserialize                                                           ; work         ;
;                   |sld_mbpmg:\trigger_modules_gen:0:trigger_match|                                      ; 16 (0)            ; 16 (0)       ; 0           ; 0            ; 0       ; 0         ; 0    ; 0            ; |NetworkAnalyser|sld_signaltap:SPI_DEBUG|sld_signaltap_impl:sld_signaltap_body|sld_signaltap_implb:sld_signaltap_body|sld_ela_control:ela_control|sld_ela_basic_multi_level_trigger:\basic_multi_level_mbpm_trigger_gen:multi_level_mbpm|sld_mbpmg:\trigger_modules_gen:0:trigger_match                                                       ; work         ;
;                      |sld_sbpmg:\gen_sbpmg_pipeline_less_than_two:sm0:0:sm1|                            ; 2 (2)             ; 2 (2)        ; 0           ; 0            ; 0       ; 0         ; 0    ; 0            ; |NetworkAnalyser|sld_signaltap:SPI_DEBUG|sld_signaltap_impl:sld_signaltap_body|sld_signaltap_implb:sld_signaltap_body|sld_ela_control:ela_control|sld_ela_basic_multi_level_trigger:\basic_multi_level_mbpm_trigger_gen:multi_level_mbpm|sld_mbpmg:\trigger_modules_gen:0:trigger_match|sld_sbpmg:\gen_sbpmg_pipeline_less_than_two:sm0:0:sm1 ; work         ;
;                      |sld_sbpmg:\gen_sbpmg_pipeline_less_than_two:sm0:1:sm1|                            ; 2 (2)             ; 2 (2)        ; 0           ; 0            ; 0       ; 0         ; 0    ; 0            ; |NetworkAnalyser|sld_signaltap:SPI_DEBUG|sld_signaltap_impl:sld_signaltap_body|sld_signaltap_implb:sld_signaltap_body|sld_ela_control:ela_control|sld_ela_basic_multi_level_trigger:\basic_multi_level_mbpm_trigger_gen:multi_level_mbpm|sld_mbpmg:\trigger_modules_gen:0:trigger_match|sld_sbpmg:\gen_sbpmg_pipeline_less_than_two:sm0:1:sm1 ; work         ;
;                      |sld_sbpmg:\gen_sbpmg_pipeline_less_than_two:sm0:2:sm1|                            ; 2 (2)             ; 2 (2)        ; 0           ; 0            ; 0       ; 0         ; 0    ; 0            ; |NetworkAnalyser|sld_signaltap:SPI_DEBUG|sld_signaltap_impl:sld_signaltap_body|sld_signaltap_implb:sld_signaltap_body|sld_ela_control:ela_control|sld_ela_basic_multi_level_trigger:\basic_multi_level_mbpm_trigger_gen:multi_level_mbpm|sld_mbpmg:\trigger_modules_gen:0:trigger_match|sld_sbpmg:\gen_sbpmg_pipeline_less_than_two:sm0:2:sm1 ; work         ;
;                      |sld_sbpmg:\gen_sbpmg_pipeline_less_than_two:sm0:3:sm1|                            ; 2 (2)             ; 2 (2)        ; 0           ; 0            ; 0       ; 0         ; 0    ; 0            ; |NetworkAnalyser|sld_signaltap:SPI_DEBUG|sld_signaltap_impl:sld_signaltap_body|sld_signaltap_implb:sld_signaltap_body|sld_ela_control:ela_control|sld_ela_basic_multi_level_trigger:\basic_multi_level_mbpm_trigger_gen:multi_level_mbpm|sld_mbpmg:\trigger_modules_gen:0:trigger_match|sld_sbpmg:\gen_sbpmg_pipeline_less_than_two:sm0:3:sm1 ; work         ;
;                      |sld_sbpmg:\gen_sbpmg_pipeline_less_than_two:sm0:4:sm1|                            ; 2 (2)             ; 2 (2)        ; 0           ; 0            ; 0       ; 0         ; 0    ; 0            ; |NetworkAnalyser|sld_signaltap:SPI_DEBUG|sld_signaltap_impl:sld_signaltap_body|sld_signaltap_implb:sld_signaltap_body|sld_ela_control:ela_control|sld_ela_basic_multi_level_trigger:\basic_multi_level_mbpm_trigger_gen:multi_level_mbpm|sld_mbpmg:\trigger_modules_gen:0:trigger_match|sld_sbpmg:\gen_sbpmg_pipeline_less_than_two:sm0:4:sm1 ; work         ;
;                      |sld_sbpmg:\gen_sbpmg_pipeline_less_than_two:sm0:5:sm1|                            ; 2 (2)             ; 2 (2)        ; 0           ; 0            ; 0       ; 0         ; 0    ; 0            ; |NetworkAnalyser|sld_signaltap:SPI_DEBUG|sld_signaltap_impl:sld_signaltap_body|sld_signaltap_implb:sld_signaltap_body|sld_ela_control:ela_control|sld_ela_basic_multi_level_trigger:\basic_multi_level_mbpm_trigger_gen:multi_level_mbpm|sld_mbpmg:\trigger_modules_gen:0:trigger_match|sld_sbpmg:\gen_sbpmg_pipeline_less_than_two:sm0:5:sm1 ; work         ;
;                      |sld_sbpmg:\gen_sbpmg_pipeline_less_than_two:sm0:6:sm1|                            ; 2 (2)             ; 2 (2)        ; 0           ; 0            ; 0       ; 0         ; 0    ; 0            ; |NetworkAnalyser|sld_signaltap:SPI_DEBUG|sld_signaltap_impl:sld_signaltap_body|sld_signaltap_implb:sld_signaltap_body|sld_ela_control:ela_control|sld_ela_basic_multi_level_trigger:\basic_multi_level_mbpm_trigger_gen:multi_level_mbpm|sld_mbpmg:\trigger_modules_gen:0:trigger_match|sld_sbpmg:\gen_sbpmg_pipeline_less_than_two:sm0:6:sm1 ; work         ;
;                      |sld_sbpmg:\gen_sbpmg_pipeline_less_than_two:sm0:7:sm1|                            ; 2 (2)             ; 2 (2)        ; 0           ; 0            ; 0       ; 0         ; 0    ; 0            ; |NetworkAnalyser|sld_signaltap:SPI_DEBUG|sld_signaltap_impl:sld_signaltap_body|sld_signaltap_implb:sld_signaltap_body|sld_ela_control:ela_control|sld_ela_basic_multi_level_trigger:\basic_multi_level_mbpm_trigger_gen:multi_level_mbpm|sld_mbpmg:\trigger_modules_gen:0:trigger_match|sld_sbpmg:\gen_sbpmg_pipeline_less_than_two:sm0:7:sm1 ; work         ;
;                |sld_ela_trigger_flow_mgr:\builtin:ela_trigger_flow_mgr_entity|                          ; 3 (3)             ; 11 (1)       ; 0           ; 0            ; 0       ; 0         ; 0    ; 0            ; |NetworkAnalyser|sld_signaltap:SPI_DEBUG|sld_signaltap_impl:sld_signaltap_body|sld_signaltap_implb:sld_signaltap_body|sld_ela_control:ela_control|sld_ela_trigger_flow_mgr:\builtin:ela_trigger_flow_mgr_entity                                                                                                                               ; work         ;
;                   |lpm_shiftreg:trigger_config_deserialize|                                             ; 0 (0)             ; 10 (10)      ; 0           ; 0            ; 0       ; 0         ; 0    ; 0            ; |NetworkAnalyser|sld_signaltap:SPI_DEBUG|sld_signaltap_impl:sld_signaltap_body|sld_signaltap_implb:sld_signaltap_body|sld_ela_control:ela_control|sld_ela_trigger_flow_mgr:\builtin:ela_trigger_flow_mgr_entity|lpm_shiftreg:trigger_config_deserialize                                                                                       ; work         ;
;             |sld_offload_buffer_mgr:\stp_non_zero_depth_offload_gen:stp_offload_buff_mgr_inst|          ; 92 (9)            ; 79 (0)       ; 0           ; 0            ; 0       ; 0         ; 0    ; 0            ; |NetworkAnalyser|sld_signaltap:SPI_DEBUG|sld_signaltap_impl:sld_signaltap_body|sld_signaltap_implb:sld_signaltap_body|sld_offload_buffer_mgr:\stp_non_zero_depth_offload_gen:stp_offload_buff_mgr_inst                                                                                                                                        ; work         ;
;                |lpm_counter:\adv_point_3_and_more:advance_pointer_counter|                              ; 3 (0)             ; 3 (0)        ; 0           ; 0            ; 0       ; 0         ; 0    ; 0            ; |NetworkAnalyser|sld_signaltap:SPI_DEBUG|sld_signaltap_impl:sld_signaltap_body|sld_signaltap_implb:sld_signaltap_body|sld_offload_buffer_mgr:\stp_non_zero_depth_offload_gen:stp_offload_buff_mgr_inst|lpm_counter:\adv_point_3_and_more:advance_pointer_counter                                                                              ; work         ;
;                   |cntr_dai:auto_generated|                                                             ; 3 (3)             ; 3 (3)        ; 0           ; 0            ; 0       ; 0         ; 0    ; 0            ; |NetworkAnalyser|sld_signaltap:SPI_DEBUG|sld_signaltap_impl:sld_signaltap_body|sld_signaltap_implb:sld_signaltap_body|sld_offload_buffer_mgr:\stp_non_zero_depth_offload_gen:stp_offload_buff_mgr_inst|lpm_counter:\adv_point_3_and_more:advance_pointer_counter|cntr_dai:auto_generated                                                      ; work         ;
;                |lpm_counter:read_pointer_counter|                                                       ; 12 (0)            ; 12 (0)       ; 0           ; 0            ; 0       ; 0         ; 0    ; 0            ; |NetworkAnalyser|sld_signaltap:SPI_DEBUG|sld_signaltap_impl:sld_signaltap_body|sld_signaltap_implb:sld_signaltap_body|sld_offload_buffer_mgr:\stp_non_zero_depth_offload_gen:stp_offload_buff_mgr_inst|lpm_counter:read_pointer_counter                                                                                                       ; work         ;
;                   |cntr_45j:auto_generated|                                                             ; 12 (12)           ; 12 (12)      ; 0           ; 0            ; 0       ; 0         ; 0    ; 0            ; |NetworkAnalyser|sld_signaltap:SPI_DEBUG|sld_signaltap_impl:sld_signaltap_body|sld_signaltap_implb:sld_signaltap_body|sld_offload_buffer_mgr:\stp_non_zero_depth_offload_gen:stp_offload_buff_mgr_inst|lpm_counter:read_pointer_counter|cntr_45j:auto_generated                                                                               ; work         ;
;                |lpm_counter:status_advance_pointer_counter|                                             ; 7 (0)             ; 5 (0)        ; 0           ; 0            ; 0       ; 0         ; 0    ; 0            ; |NetworkAnalyser|sld_signaltap:SPI_DEBUG|sld_signaltap_impl:sld_signaltap_body|sld_signaltap_implb:sld_signaltap_body|sld_offload_buffer_mgr:\stp_non_zero_depth_offload_gen:stp_offload_buff_mgr_inst|lpm_counter:status_advance_pointer_counter                                                                                             ; work         ;
;                   |cntr_ubi:auto_generated|                                                             ; 7 (7)             ; 5 (5)        ; 0           ; 0            ; 0       ; 0         ; 0    ; 0            ; |NetworkAnalyser|sld_signaltap:SPI_DEBUG|sld_signaltap_impl:sld_signaltap_body|sld_signaltap_implb:sld_signaltap_body|sld_offload_buffer_mgr:\stp_non_zero_depth_offload_gen:stp_offload_buff_mgr_inst|lpm_counter:status_advance_pointer_counter|cntr_ubi:auto_generated                                                                     ; work         ;
;                |lpm_counter:status_read_pointer_counter|                                                ; 3 (0)             ; 1 (0)        ; 0           ; 0            ; 0       ; 0         ; 0    ; 0            ; |NetworkAnalyser|sld_signaltap:SPI_DEBUG|sld_signaltap_impl:sld_signaltap_body|sld_signaltap_implb:sld_signaltap_body|sld_offload_buffer_mgr:\stp_non_zero_depth_offload_gen:stp_offload_buff_mgr_inst|lpm_counter:status_read_pointer_counter                                                                                                ; work         ;
;                   |cntr_gui:auto_generated|                                                             ; 3 (3)             ; 1 (1)        ; 0           ; 0            ; 0       ; 0         ; 0    ; 0            ; |NetworkAnalyser|sld_signaltap:SPI_DEBUG|sld_signaltap_impl:sld_signaltap_body|sld_signaltap_implb:sld_signaltap_body|sld_offload_buffer_mgr:\stp_non_zero_depth_offload_gen:stp_offload_buff_mgr_inst|lpm_counter:status_read_pointer_counter|cntr_gui:auto_generated                                                                        ; work         ;
;                |lpm_shiftreg:info_data_shift_out|                                                       ; 25 (25)           ; 25 (25)      ; 0           ; 0            ; 0       ; 0         ; 0    ; 0            ; |NetworkAnalyser|sld_signaltap:SPI_DEBUG|sld_signaltap_impl:sld_signaltap_body|sld_signaltap_implb:sld_signaltap_body|sld_offload_buffer_mgr:\stp_non_zero_depth_offload_gen:stp_offload_buff_mgr_inst|lpm_shiftreg:info_data_shift_out                                                                                                       ; work         ;
;                |lpm_shiftreg:ram_data_shift_out|                                                        ; 8 (8)             ; 8 (8)        ; 0           ; 0            ; 0       ; 0         ; 0    ; 0            ; |NetworkAnalyser|sld_signaltap:SPI_DEBUG|sld_signaltap_impl:sld_signaltap_body|sld_signaltap_implb:sld_signaltap_body|sld_offload_buffer_mgr:\stp_non_zero_depth_offload_gen:stp_offload_buff_mgr_inst|lpm_shiftreg:ram_data_shift_out                                                                                                        ; work         ;
;                |lpm_shiftreg:status_data_shift_out|                                                     ; 25 (25)           ; 25 (25)      ; 0           ; 0            ; 0       ; 0         ; 0    ; 0            ; |NetworkAnalyser|sld_signaltap:SPI_DEBUG|sld_signaltap_impl:sld_signaltap_body|sld_signaltap_implb:sld_signaltap_body|sld_offload_buffer_mgr:\stp_non_zero_depth_offload_gen:stp_offload_buff_mgr_inst|lpm_shiftreg:status_data_shift_out                                                                                                     ; work         ;
;             |sld_rom_sr:crc_rom_sr|                                                                     ; 19 (19)           ; 8 (8)        ; 0           ; 0            ; 0       ; 0         ; 0    ; 0            ; |NetworkAnalyser|sld_signaltap:SPI_DEBUG|sld_signaltap_impl:sld_signaltap_body|sld_signaltap_implb:sld_signaltap_body|sld_rom_sr:crc_rom_sr                                                                                                                                                                                                   ; work         ;
+---------------------------------------------------------------------------------------------------------+-------------------+--------------+-------------+--------------+---------+-----------+------+--------------+-----------------------------------------------------------------------------------------------------------------------------------------------------------------------------------------------------------------------------------------------------------------------------------------------------------------------------------------------+--------------+
Note: For table entries with two numbers listed, the numbers in parentheses indicate the number of resources of the given type used by the specific entity alone. The numbers listed outside of parentheses indicate the total resources of the given type used by the specific entity and all of its sub-entities in the hierarchy.


+-------------------------------------------------------------------------------------------------------------------------------------------------------------------------------------------------------------------------------------------------------------------------------------------------------------------------------+
; Analysis & Synthesis RAM Summary                                                                                                                                                                                                                                                                                              ;
+----------------------------------------------------------------------------------------------------------------------------------------------------------------------------------------------------------------------------+------+----------------+--------------+--------------+--------------+--------------+-------+------+
; Name                                                                                                                                                                                                                       ; Type ; Mode           ; Port A Depth ; Port A Width ; Port B Depth ; Port B Width ; Size  ; MIF  ;
+----------------------------------------------------------------------------------------------------------------------------------------------------------------------------------------------------------------------------+------+----------------+--------------+--------------+--------------+--------------+-------+------+
; sld_signaltap:SPI_DEBUG|sld_signaltap_impl:sld_signaltap_body|sld_signaltap_implb:sld_signaltap_body|altsyncram:\stp_non_zero_ram_gen:stp_buffer_ram|altsyncram_5q14:auto_generated|altsyncram_deq1:altsyncram1|ALTSYNCRAM ; AUTO ; True Dual Port ; 4096         ; 8            ; 4096         ; 8            ; 32768 ; None ;
+----------------------------------------------------------------------------------------------------------------------------------------------------------------------------------------------------------------------------+------+----------------+--------------+--------------+--------------+--------------+-------+------+


+------------------------------------------------------+
; General Register Statistics                          ;
+----------------------------------------------+-------+
; Statistic                                    ; Value ;
+----------------------------------------------+-------+
; Total registers                              ; 525   ;
; Number of registers using Synchronous Clear  ; 44    ;
; Number of registers using Synchronous Load   ; 31    ;
; Number of registers using Asynchronous Clear ; 214   ;
; Number of registers using Asynchronous Load  ; 0     ;
; Number of registers using Clock Enable       ; 323   ;
; Number of registers using Preset             ; 0     ;
+----------------------------------------------+-------+


+-----------------------------------------------------------------------------------------------------------------------------------------------------------------------------------+
; Inverted Register Statistics                                                                                                                                                      ;
+-------------------------------------------------------------------------------------------------------------------------------------------------------------------------+---------+
; Inverted Register                                                                                                                                                       ; Fan out ;
+-------------------------------------------------------------------------------------------------------------------------------------------------------------------------+---------+
; sld_hub:auto_hub|sld_jtag_hub:\jtag_hub_gen:sld_jtag_hub_inst|tdo                                                                                                       ; 1       ;
; sld_hub:auto_hub|sld_jtag_hub:\jtag_hub_gen:sld_jtag_hub_inst|jtag_ir_reg[2]                                                                                            ; 2       ;
; sld_hub:auto_hub|sld_jtag_hub:\jtag_hub_gen:sld_jtag_hub_inst|jtag_ir_reg[1]                                                                                            ; 3       ;
; sld_signaltap:SPI_DEBUG|sld_signaltap_impl:sld_signaltap_body|sld_signaltap_implb:sld_signaltap_body|sld_buffer_manager:sld_buffer_manager_inst|modified_post_count[1]  ; 1       ;
; sld_signaltap:SPI_DEBUG|sld_signaltap_impl:sld_signaltap_body|sld_signaltap_implb:sld_signaltap_body|sld_buffer_manager:sld_buffer_manager_inst|modified_post_count[2]  ; 1       ;
; sld_signaltap:SPI_DEBUG|sld_signaltap_impl:sld_signaltap_body|sld_signaltap_implb:sld_signaltap_body|sld_buffer_manager:sld_buffer_manager_inst|modified_post_count[3]  ; 1       ;
; sld_signaltap:SPI_DEBUG|sld_signaltap_impl:sld_signaltap_body|sld_signaltap_implb:sld_signaltap_body|sld_buffer_manager:sld_buffer_manager_inst|modified_post_count[4]  ; 1       ;
; sld_signaltap:SPI_DEBUG|sld_signaltap_impl:sld_signaltap_body|sld_signaltap_implb:sld_signaltap_body|sld_buffer_manager:sld_buffer_manager_inst|modified_post_count[5]  ; 1       ;
; sld_signaltap:SPI_DEBUG|sld_signaltap_impl:sld_signaltap_body|sld_signaltap_implb:sld_signaltap_body|sld_buffer_manager:sld_buffer_manager_inst|modified_post_count[6]  ; 1       ;
; sld_signaltap:SPI_DEBUG|sld_signaltap_impl:sld_signaltap_body|sld_signaltap_implb:sld_signaltap_body|sld_buffer_manager:sld_buffer_manager_inst|modified_post_count[7]  ; 1       ;
; sld_signaltap:SPI_DEBUG|sld_signaltap_impl:sld_signaltap_body|sld_signaltap_implb:sld_signaltap_body|sld_buffer_manager:sld_buffer_manager_inst|modified_post_count[8]  ; 1       ;
; sld_signaltap:SPI_DEBUG|sld_signaltap_impl:sld_signaltap_body|sld_signaltap_implb:sld_signaltap_body|sld_buffer_manager:sld_buffer_manager_inst|modified_post_count[9]  ; 1       ;
; sld_signaltap:SPI_DEBUG|sld_signaltap_impl:sld_signaltap_body|sld_signaltap_implb:sld_signaltap_body|sld_buffer_manager:sld_buffer_manager_inst|modified_post_count[12] ; 2       ;
; sld_signaltap:SPI_DEBUG|sld_signaltap_impl:sld_signaltap_body|sld_signaltap_implb:sld_signaltap_body|sld_buffer_manager:sld_buffer_manager_inst|modified_post_count[10] ; 1       ;
; sld_signaltap:SPI_DEBUG|sld_signaltap_impl:sld_signaltap_body|sld_signaltap_implb:sld_signaltap_body|sld_buffer_manager:sld_buffer_manager_inst|modified_post_count[11] ; 1       ;
; sld_signaltap:SPI_DEBUG|sld_signaltap_impl:sld_signaltap_body|sld_signaltap_implb:sld_signaltap_body|trigger_out_mode_ff                                                ; 2       ;
; sld_signaltap:SPI_DEBUG|sld_signaltap_impl:sld_signaltap_body|sld_signaltap_implb:sld_signaltap_body|sld_buffer_manager:sld_buffer_manager_inst|modified_post_count[0]  ; 1       ;
; Total number of inverted registers = 17                                                                                                                                 ;         ;
+-------------------------------------------------------------------------------------------------------------------------------------------------------------------------+---------+


+--------------------------------------------------------------------------------------------------------------------------------------------------------------------------------------------------------------------------------------+
; Multiplexer Restructuring Statistics (Restructuring Performed)                                                                                                                                                                       ;
+--------------------+-----------+---------------+----------------------+------------------------+------------+------------------------------------------------------------------------------------------------------------------------+
; Multiplexer Inputs ; Bus Width ; Baseline Area ; Area if Restructured ; Saving if Restructured ; Registered ; Example Multiplexer Output                                                                                             ;
+--------------------+-----------+---------------+----------------------+------------------------+------------+------------------------------------------------------------------------------------------------------------------------+
; 3:1                ; 32 bits   ; 64 LEs        ; 32 LEs               ; 32 LEs                 ; Yes        ; |NetworkAnalyser|debounce:debounce_module|count[0]                                                                     ;
; 3:1                ; 4 bits    ; 8 LEs         ; 4 LEs                ; 4 LEs                  ; Yes        ; |NetworkAnalyser|sld_hub:auto_hub|sld_jtag_hub:\jtag_hub_gen:sld_jtag_hub_inst|hub_minor_ver_reg[0]                    ;
; 4:1                ; 5 bits    ; 10 LEs        ; 5 LEs                ; 5 LEs                  ; Yes        ; |NetworkAnalyser|sld_hub:auto_hub|sld_jtag_hub:\jtag_hub_gen:sld_jtag_hub_inst|mixer_addr_reg[4]                       ;
; 5:1                ; 5 bits    ; 15 LEs        ; 5 LEs                ; 10 LEs                 ; Yes        ; |NetworkAnalyser|sld_hub:auto_hub|sld_jtag_hub:\jtag_hub_gen:sld_jtag_hub_inst|sld_rom_sr:hub_info_reg|word_counter[0] ;
; 6:1                ; 7 bits    ; 28 LEs        ; 7 LEs                ; 21 LEs                 ; Yes        ; |NetworkAnalyser|sld_hub:auto_hub|sld_jtag_hub:\jtag_hub_gen:sld_jtag_hub_inst|irsr_reg[2]                             ;
; 34:1               ; 4 bits    ; 88 LEs        ; 60 LEs               ; 28 LEs                 ; Yes        ; |NetworkAnalyser|sld_hub:auto_hub|sld_jtag_hub:\jtag_hub_gen:sld_jtag_hub_inst|design_hash_reg[3]                      ;
; 20:1               ; 4 bits    ; 52 LEs        ; 36 LEs               ; 16 LEs                 ; Yes        ; |NetworkAnalyser|sld_hub:auto_hub|sld_jtag_hub:\jtag_hub_gen:sld_jtag_hub_inst|sld_rom_sr:hub_info_reg|WORD_SR[0]      ;
+--------------------+-----------+---------------+----------------------+------------------------+------------+------------------------------------------------------------------------------------------------------------------------+


+-----------------------------------------------------------------------------------------------------------------------+
; Parameter Settings for Inferred Entity Instance: sld_signaltap:SPI_DEBUG                                              ;
+-------------------------------------------------+----------------------------------------------------+----------------+
; Parameter Name                                  ; Value                                              ; Type           ;
+-------------------------------------------------+----------------------------------------------------+----------------+
; lpm_type                                        ; sld_signaltap                                      ; String         ;
; sld_node_info                                   ; 805334528                                          ; Untyped        ;
; SLD_IP_VERSION                                  ; 6                                                  ; Signed Integer ;
; SLD_IP_MINOR_VERSION                            ; 0                                                  ; Signed Integer ;
; SLD_COMMON_IP_VERSION                           ; 0                                                  ; Signed Integer ;
; sld_data_bits                                   ; 8                                                  ; Untyped        ;
; sld_trigger_bits                                ; 8                                                  ; Untyped        ;
; SLD_NODE_CRC_BITS                               ; 32                                                 ; Signed Integer ;
; sld_node_crc_hiword                             ; 15687                                              ; Untyped        ;
; sld_node_crc_loword                             ; 48970                                              ; Untyped        ;
; SLD_INCREMENTAL_ROUTING                         ; 0                                                  ; Signed Integer ;
; sld_sample_depth                                ; 4096                                               ; Untyped        ;
; sld_segment_size                                ; 4096                                               ; Untyped        ;
; SLD_RAM_BLOCK_TYPE                              ; AUTO                                               ; String         ;
; sld_state_bits                                  ; 11                                                 ; Untyped        ;
; sld_buffer_full_stop                            ; 1                                                  ; Untyped        ;
; SLD_MEM_ADDRESS_BITS                            ; 7                                                  ; Signed Integer ;
; SLD_DATA_BIT_CNTR_BITS                          ; 4                                                  ; Signed Integer ;
; sld_trigger_level                               ; 1                                                  ; Untyped        ;
; sld_trigger_in_enabled                          ; 0                                                  ; Untyped        ;
; SLD_HPS_TRIGGER_IN_ENABLED                      ; 0                                                  ; Signed Integer ;
; SLD_HPS_TRIGGER_OUT_ENABLED                     ; 0                                                  ; Signed Integer ;
; SLD_HPS_EVENT_ENABLED                           ; 0                                                  ; Signed Integer ;
; SLD_HPS_EVENT_ID                                ; 0                                                  ; Signed Integer ;
; sld_advanced_trigger_entity                     ; basic,1,                                           ; Untyped        ;
; sld_trigger_level_pipeline                      ; 1                                                  ; Untyped        ;
; sld_enable_advanced_trigger                     ; 0                                                  ; Untyped        ;
; SLD_ADVANCED_TRIGGER_1                          ; NONE                                               ; String         ;
; SLD_ADVANCED_TRIGGER_2                          ; NONE                                               ; String         ;
; SLD_ADVANCED_TRIGGER_3                          ; NONE                                               ; String         ;
; SLD_ADVANCED_TRIGGER_4                          ; NONE                                               ; String         ;
; SLD_ADVANCED_TRIGGER_5                          ; NONE                                               ; String         ;
; SLD_ADVANCED_TRIGGER_6                          ; NONE                                               ; String         ;
; SLD_ADVANCED_TRIGGER_7                          ; NONE                                               ; String         ;
; SLD_ADVANCED_TRIGGER_8                          ; NONE                                               ; String         ;
; SLD_ADVANCED_TRIGGER_9                          ; NONE                                               ; String         ;
; SLD_ADVANCED_TRIGGER_10                         ; NONE                                               ; String         ;
; sld_inversion_mask_length                       ; 50                                                 ; Untyped        ;
; sld_inversion_mask                              ; 00000000000000000000000000000000000000000000000000 ; Untyped        ;
; sld_power_up_trigger                            ; 0                                                  ; Untyped        ;
; SLD_STATE_FLOW_MGR_ENTITY                       ; state_flow_mgr_entity.vhd                          ; String         ;
; sld_state_flow_use_generated                    ; 0                                                  ; Untyped        ;
; sld_current_resource_width                      ; 1                                                  ; Untyped        ;
; sld_attribute_mem_mode                          ; OFF                                                ; Untyped        ;
; SLD_STORAGE_QUALIFIER_BITS                      ; 1                                                  ; Signed Integer ;
; SLD_STORAGE_QUALIFIER_GAP_RECORD                ; 0                                                  ; Signed Integer ;
; SLD_STORAGE_QUALIFIER_MODE                      ; OFF                                                ; String         ;
; SLD_STORAGE_QUALIFIER_ENABLE_ADVANCED_CONDITION ; 0                                                  ; Signed Integer ;
; sld_storage_qualifier_inversion_mask_length     ; 0                                                  ; Untyped        ;
; SLD_STORAGE_QUALIFIER_ADVANCED_CONDITION_ENTITY ; basic                                              ; String         ;
; SLD_STORAGE_QUALIFIER_PIPELINE                  ; 0                                                  ; Signed Integer ;
+-------------------------------------------------+----------------------------------------------------+----------------+
Note: In order to hide this table in the UI and the text report file, please set the "Show Parameter Settings in Synthesis Report" option in "Analysis and Synthesis Settings -> More Settings" to "Off".


+-------------------------------------------------------------------------------------------------------------------+
; Port Connectivity Checks: "FrequencyDivider:FrequencyDivider_module"                                              ;
+---------+--------+----------+-------------------------------------------------------------------------------------+
; Port    ; Type   ; Severity ; Details                                                                             ;
+---------+--------+----------+-------------------------------------------------------------------------------------+
; reset   ; Input  ; Info     ; Stuck at GND                                                                        ;
; clk_out ; Output ; Info     ; Connected to dangling logic. Logic that only feeds a dangling port will be removed. ;
+---------+--------+----------+-------------------------------------------------------------------------------------+


+----------------------------------------------------------------------------------------------------------------------------------------------------------------------------------------------------------------------------------------------------------------------+
; SignalTap II Logic Analyzer Settings                                                                                                                                                                                                                                 ;
+----------------+---------------+---------------------+------------------+--------------+----------+------------------------+----------------------+--------------------+-----------------------------+-----------------+------------------+--------------------------+
; Instance Index ; Instance Name ; Trigger Input Width ; Data Input Width ; Sample Depth ; Segments ; Storage Qualifier Type ; Trigger Flow Control ; Trigger Conditions ; Advanced Trigger Conditions ; Trigger In Used ; Trigger Out Used ; Power-Up Trigger Enabled ;
+----------------+---------------+---------------------+------------------+--------------+----------+------------------------+----------------------+--------------------+-----------------------------+-----------------+------------------+--------------------------+
; 0              ; SPI_DEBUG     ; 8                   ; 8                ; 4096         ; 1        ; continuous             ; sequential           ; 1                  ; 0                           ; no              ; no               ; no                       ;
+----------------+---------------+---------------------+------------------+--------------+----------+------------------------+----------------------+--------------------+-----------------------------+-----------------+------------------+--------------------------+


+---------------------------------+
; Elapsed Time Per Partition      ;
+------------------+--------------+
; Partition Name   ; Elapsed Time ;
+------------------+--------------+
; sld_hub:auto_hub ; 00:00:00     ;
; Top              ; 00:00:00     ;
+------------------+--------------+


+---------------------------------------------------------------------------------------------------------+
; Connections to In-System Debugging Instance "SPI_DEBUG"                                                 ;
+----------+---------------+-----------+----------------+-------------------+-------------------+---------+
; Name     ; Type          ; Status    ; Partition Name ; Netlist Type Used ; Actual Connection ; Details ;
+----------+---------------+-----------+----------------+-------------------+-------------------+---------+
; clock    ; pre-synthesis ; connected ; Top            ; post-synthesis    ; CLOCK             ; N/A     ;
; CS       ; post-fitting  ; connected ; Top            ; post-synthesis    ; CS                ; N/A     ;
; CS       ; post-fitting  ; connected ; Top            ; post-synthesis    ; CS                ; N/A     ;
; INT_CS   ; post-fitting  ; connected ; Top            ; post-synthesis    ; CS                ; N/A     ;
; INT_CS   ; post-fitting  ; connected ; Top            ; post-synthesis    ; CS                ; N/A     ;
; INT_MISO ; post-fitting  ; connected ; Top            ; post-synthesis    ; INT_MISO          ; N/A     ;
; INT_MISO ; post-fitting  ; connected ; Top            ; post-synthesis    ; INT_MISO          ; N/A     ;
; INT_MOSI ; post-fitting  ; connected ; Top            ; post-synthesis    ; MOSI              ; N/A     ;
; INT_MOSI ; post-fitting  ; connected ; Top            ; post-synthesis    ; MOSI              ; N/A     ;
; INT_SCLK ; post-fitting  ; connected ; Top            ; post-synthesis    ; SCLK              ; N/A     ;
; INT_SCLK ; post-fitting  ; connected ; Top            ; post-synthesis    ; SCLK              ; N/A     ;
; MISO     ; post-fitting  ; connected ; Top            ; post-synthesis    ; MOSI              ; N/A     ;
; MISO     ; post-fitting  ; connected ; Top            ; post-synthesis    ; MOSI              ; N/A     ;
; MOSI     ; post-fitting  ; connected ; Top            ; post-synthesis    ; MOSI              ; N/A     ;
; MOSI     ; post-fitting  ; connected ; Top            ; post-synthesis    ; MOSI              ; N/A     ;
; SCLK     ; post-fitting  ; connected ; Top            ; post-synthesis    ; SCLK              ; N/A     ;
; SCLK     ; post-fitting  ; connected ; Top            ; post-synthesis    ; SCLK              ; N/A     ;
+----------+---------------+-----------+----------------+-------------------+-------------------+---------+


+-------------------------------+
; Analysis & Synthesis Messages ;
+-------------------------------+
Info: *******************************************************************
Info: Running Quartus II 64-Bit Analysis & Synthesis
    Info: Version 13.0.1 Build 232 06/12/2013 Service Pack 1 SJ Web Edition
    Info: Processing started: Thu Jun  1 20:57:41 2023
Info: Command: quartus_map --read_settings_files=on --write_settings_files=off NetworkAnalyser -c NetworkAnalyser
Info (11104): Parallel Compilation has detected 4 hyper-threaded processors. However, the extra hyper-threaded processors will not be used by default. Parallel Compilation will use 2 of the 2 physical processors detected instead.
Info (12021): Found 2 design units, including 1 entities, in source file NetworkAnalyser.vhd
    Info (12022): Found design unit 1: NetworkAnalyser-rtl
    Info (12023): Found entity 1: NetworkAnalyser
Info (12021): Found 2 design units, including 1 entities, in source file debounce.vhd
    Info (12022): Found design unit 1: debounce-rtl
    Info (12023): Found entity 1: debounce
Info (12021): Found 2 design units, including 1 entities, in source file FrequencyDivider.vhd
    Info (12022): Found design unit 1: FrequencyDivider-Behavioral
    Info (12023): Found entity 1: FrequencyDivider
Info (12127): Elaborating entity "NetworkAnalyser" for the top level hierarchy
Warning (10036): Verilog HDL or VHDL warning at NetworkAnalyser.vhd(40): object "clock_1Mhz" assigned a value but never read
Info (12128): Elaborating entity "debounce" for hierarchy "debounce:debounce_module"
Info (12128): Elaborating entity "FrequencyDivider" for hierarchy "FrequencyDivider:FrequencyDivider_module"
Info (12021): Found 1 design units, including 1 entities, in source file db/altsyncram_5q14.tdf
    Info (12023): Found entity 1: altsyncram_5q14
Info (12021): Found 1 design units, including 1 entities, in source file db/altsyncram_deq1.tdf
    Info (12023): Found entity 1: altsyncram_deq1
Info (12021): Found 1 design units, including 1 entities, in source file db/mux_boc.tdf
    Info (12023): Found entity 1: mux_boc
Info (12021): Found 1 design units, including 1 entities, in source file db/decode_rqf.tdf
    Info (12023): Found entity 1: decode_rqf
Info (12021): Found 1 design units, including 1 entities, in source file db/cntr_dai.tdf
    Info (12023): Found entity 1: cntr_dai
Info (12021): Found 1 design units, including 1 entities, in source file db/cntr_45j.tdf
    Info (12023): Found entity 1: cntr_45j
Info (12021): Found 1 design units, including 1 entities, in source file db/cntr_ubi.tdf
    Info (12023): Found entity 1: cntr_ubi
Info (12021): Found 1 design units, including 1 entities, in source file db/cmpr_9cc.tdf
    Info (12023): Found entity 1: cmpr_9cc
Info (12021): Found 1 design units, including 1 entities, in source file db/cntr_gui.tdf
    Info (12023): Found entity 1: cntr_gui
Info (12021): Found 1 design units, including 1 entities, in source file db/cmpr_5cc.tdf
    Info (12023): Found entity 1: cmpr_5cc
Info (12033): Analysis and Synthesis generated SignalTap II or debug node instance "SPI_DEBUG"
Info (13000): Registers with preset signals will power-up high
Info (13003): DEV_CLRn pin will set, and not reset, register with preset signal due to NOT Gate Push-Back
Warning (13024): Output pins are stuck at VCC or GND
    Warning (13410): Pin "sld_hub:auto_hub|receive[0][0]" is stuck at GND
Info (35024): Succesfully connected in-system debug instance "SPI_DEBUG" to all 17 required data inputs, trigger inputs, acquisition clocks, and dynamic pins
Info (16010): Generating hard_block partition "hard_block:auto_generated_inst"
    Info (16011): Adding 0 node(s), including 0 DDIO, 0 PLL, 0 transceiver and 0 LCELL
Info (21057): Implemented 744 device resources after synthesis - the final resource count might be different
    Info (21058): Implemented 10 input pins
    Info (21059): Implemented 9 output pins
    Info (21061): Implemented 716 logic cells
    Info (21064): Implemented 8 RAM segments
Info: Quartus II 64-Bit Analysis & Synthesis was successful. 0 errors, 3 warnings
    Info: Peak virtual memory: 688 megabytes
    Info: Processing ended: Thu Jun  1 20:57:45 2023
    Info: Elapsed time: 00:00:04
    Info: Total CPU time (on all processors): 00:00:04


