Flow report for NetworkAnalyser
Mon Apr 10 16:41:48 2023
Quartus II 64-Bit Version 13.0.1 Build 232 06/12/2013 Service Pack 1 SJ Web Edition


---------------------
; Table of Contents ;
---------------------
  1. Legal Notice
  2. Flow Summary
  3. Flow Settings
  4. Flow Non-Default Global Settings
  5. Flow Elapsed Time
  6. Flow OS Summary
  7. Flow Log
  8. Flow Messages
  9. Flow Suppressed Messages



----------------
; Legal Notice ;
----------------
Copyright (C) 1991-2013 Altera Corporation
Your use of Altera Corporation's design tools, logic functions 
and other software and tools, and its AMPP partner logic 
functions, and any output files from any of the foregoing 
(including device programming or simulation files), and any 
associated documentation or information are expressly subject 
to the terms and conditions of the Altera Program License 
Subscription Agreement, Altera MegaCore Function License 
Agreement, or other applicable license agreement, including, 
without limitation, that your use is for the sole purpose of 
programming logic devices manufactured by Altera and sold by 
Altera or its authorized distributors.  Please refer to the 
applicable agreement for further details.



+--------------------------------------------------------------------------------------+
; Flow Summary                                                                         ;
+------------------------------------+-------------------------------------------------+
; Flow Status                        ; Successful - Mon Apr 10 16:41:24 2023           ;
; Quartus II 64-Bit Version          ; 13.0.1 Build 232 06/12/2013 SP 1 SJ Web Edition ;
; Revision Name                      ; NetworkAnalyser                                 ;
; Top-level Entity Name              ; NetworkAnalyser                                 ;
; Family                             ; Cyclone II                                      ;
; Device                             ; EP2C5T144C8                                     ;
; Timing Models                      ; Final                                           ;
; Total logic elements               ; 652 / 4,608 ( 14 % )                            ;
;     Total combinational functions  ; 452 / 4,608 ( 10 % )                            ;
;     Dedicated logic registers      ; 491 / 4,608 ( 11 % )                            ;
; Total registers                    ; 491                                             ;
; Total pins                         ; 24 / 89 ( 27 % )                                ;
; Total virtual pins                 ; 0                                               ;
; Total memory bits                  ; 81,920 / 119,808 ( 68 % )                       ;
; Embedded Multiplier 9-bit elements ; 0 / 26 ( 0 % )                                  ;
; Total PLLs                         ; 0 / 2 ( 0 % )                                   ;
+------------------------------------+-------------------------------------------------+


+-----------------------------------------+
; Flow Settings                           ;
+-------------------+---------------------+
; Option            ; Setting             ;
+-------------------+---------------------+
; Start date & time ; 04/10/2023 16:40:27 ;
; Main task         ; Compilation         ;
; Revision Name     ; NetworkAnalyser     ;
+-------------------+---------------------+


+---------------------------------------------------------------------------------------------------------------------------------------------------------------+
; Flow Non-Default Global Settings                                                                                                                              ;
+-------------------------------------+--------------------------------------------------------------------------+---------------+-------------+----------------+
; Assignment Name                     ; Value                                                                    ; Default Value ; Entity Name ; Section Id     ;
+-------------------------------------+--------------------------------------------------------------------------+---------------+-------------+----------------+
; COMPILER_SIGNATURE_ID               ; 0.168113762717557                                                        ; --            ; --          ; --             ;
; EDA_OUTPUT_DATA_FORMAT              ; None                                                                     ; --            ; --          ; eda_simulation ;
; ENABLE_SIGNALTAP                    ; On                                                                       ; --            ; --          ; --             ;
; MAX_CORE_JUNCTION_TEMP              ; 85                                                                       ; --            ; --          ; --             ;
; MIN_CORE_JUNCTION_TEMP              ; 0                                                                        ; --            ; --          ; --             ;
; PARTITION_COLOR                     ; 16764057                                                                 ; --            ; --          ; Top            ;
; PARTITION_FITTER_PRESERVATION_LEVEL ; PLACEMENT_AND_ROUTING                                                    ; --            ; --          ; Top            ;
; PARTITION_NETLIST_TYPE              ; SOURCE                                                                   ; --            ; --          ; Top            ;
; POWER_BOARD_THERMAL_MODEL           ; None (CONSERVATIVE)                                                      ; --            ; --          ; --             ;
; POWER_PRESET_COOLING_SOLUTION       ; 23 MM HEAT SINK WITH 200 LFPM AIRFLOW                                    ; --            ; --          ; --             ;
; PROJECT_OUTPUT_DIRECTORY            ; output_files                                                             ; --            ; --          ; --             ;
; SLD_FILE                            ; /ice/code.lab/IceNET.NetworkAnalyser/Quartus/spi_debug_auto_stripped.stp ; --            ; --          ; --             ;
; SLD_NODE_CREATOR_ID                 ; 110                                                                      ; --            ; --          ; SPI_DEBUG      ;
; SLD_NODE_ENTITY_NAME                ; sld_signaltap                                                            ; --            ; --          ; SPI_DEBUG      ;
; SLD_NODE_PARAMETER_ASSIGNMENT       ; SLD_NODE_INFO=805334528                                                  ; --            ; --          ; SPI_DEBUG      ;
; SLD_NODE_PARAMETER_ASSIGNMENT       ; SLD_POWER_UP_TRIGGER=0                                                   ; --            ; --          ; SPI_DEBUG      ;
; SLD_NODE_PARAMETER_ASSIGNMENT       ; SLD_STORAGE_QUALIFIER_INVERSION_MASK_LENGTH=0                            ; --            ; --          ; SPI_DEBUG      ;
; SLD_NODE_PARAMETER_ASSIGNMENT       ; SLD_ATTRIBUTE_MEM_MODE=OFF                                               ; --            ; --          ; SPI_DEBUG      ;
; SLD_NODE_PARAMETER_ASSIGNMENT       ; SLD_STATE_FLOW_USE_GENERATED=0                                           ; --            ; --          ; SPI_DEBUG      ;
; SLD_NODE_PARAMETER_ASSIGNMENT       ; SLD_STATE_BITS=11                                                        ; --            ; --          ; SPI_DEBUG      ;
; SLD_NODE_PARAMETER_ASSIGNMENT       ; SLD_BUFFER_FULL_STOP=1                                                   ; --            ; --          ; SPI_DEBUG      ;
; SLD_NODE_PARAMETER_ASSIGNMENT       ; SLD_CURRENT_RESOURCE_WIDTH=1                                             ; --            ; --          ; SPI_DEBUG      ;
; SLD_NODE_PARAMETER_ASSIGNMENT       ; SLD_TRIGGER_LEVEL=1                                                      ; --            ; --          ; SPI_DEBUG      ;
; SLD_NODE_PARAMETER_ASSIGNMENT       ; SLD_TRIGGER_IN_ENABLED=0                                                 ; --            ; --          ; SPI_DEBUG      ;
; SLD_NODE_PARAMETER_ASSIGNMENT       ; SLD_ADVANCED_TRIGGER_ENTITY=basic,1,                                     ; --            ; --          ; SPI_DEBUG      ;
; SLD_NODE_PARAMETER_ASSIGNMENT       ; SLD_TRIGGER_LEVEL_PIPELINE=1                                             ; --            ; --          ; SPI_DEBUG      ;
; SLD_NODE_PARAMETER_ASSIGNMENT       ; SLD_ENABLE_ADVANCED_TRIGGER=0                                            ; --            ; --          ; SPI_DEBUG      ;
; SLD_NODE_PARAMETER_ASSIGNMENT       ; SLD_DATA_BITS=5                                                          ; --            ; --          ; SPI_DEBUG      ;
; SLD_NODE_PARAMETER_ASSIGNMENT       ; SLD_TRIGGER_BITS=5                                                       ; --            ; --          ; SPI_DEBUG      ;
; SLD_NODE_PARAMETER_ASSIGNMENT       ; SLD_INVERSION_MASK=0000000000000000000000000000000000000000000           ; --            ; --          ; SPI_DEBUG      ;
; SLD_NODE_PARAMETER_ASSIGNMENT       ; SLD_INVERSION_MASK_LENGTH=43                                             ; --            ; --          ; SPI_DEBUG      ;
; SLD_NODE_PARAMETER_ASSIGNMENT       ; SLD_SEGMENT_SIZE=16384                                                   ; --            ; --          ; SPI_DEBUG      ;
; SLD_NODE_PARAMETER_ASSIGNMENT       ; SLD_NODE_CRC_HIWORD=31904                                                ; --            ; --          ; SPI_DEBUG      ;
; SLD_NODE_PARAMETER_ASSIGNMENT       ; SLD_SAMPLE_DEPTH=16384                                                   ; --            ; --          ; SPI_DEBUG      ;
; SLD_NODE_PARAMETER_ASSIGNMENT       ; SLD_NODE_CRC_LOWORD=60423                                                ; --            ; --          ; SPI_DEBUG      ;
; USE_SIGNALTAP_FILE                  ; spi_debug.stp                                                            ; --            ; --          ; --             ;
+-------------------------------------+--------------------------------------------------------------------------+---------------+-------------+----------------+


+-------------------------------------------------------------------------------------------------------------------------------+
; Flow Elapsed Time                                                                                                             ;
+---------------------------+--------------+-------------------------+---------------------+------------------------------------+
; Module Name               ; Elapsed Time ; Average Processors Used ; Peak Virtual Memory ; Total CPU Time (on all processors) ;
+---------------------------+--------------+-------------------------+---------------------+------------------------------------+
; Analysis & Synthesis      ; 00:00:05     ; 1.0                     ; 687 MB              ; 00:00:05                           ;
; Fitter                    ; 00:00:04     ; 1.0                     ; 694 MB              ; 00:00:05                           ;
; Assembler                 ; 00:00:01     ; 1.0                     ; 561 MB              ; 00:00:01                           ;
; TimeQuest Timing Analyzer ; 00:00:01     ; 1.0                     ; 542 MB              ; 00:00:01                           ;
; Total                     ; 00:00:11     ; --                      ; --                  ; 00:00:12                           ;
+---------------------------+--------------+-------------------------+---------------------+------------------------------------+


+---------------------------------------------------------------------------------------------+
; Flow OS Summary                                                                             ;
+---------------------------+------------------+----------------+------------+----------------+
; Module Name               ; Machine Hostname ; OS Name        ; OS Version ; Processor type ;
+---------------------------+------------------+----------------+------------+----------------+
; Analysis & Synthesis      ; ice              ; Ubuntu 18.04.6 ; 18         ; x86_64         ;
; Fitter                    ; ice              ; Ubuntu 18.04.6 ; 18         ; x86_64         ;
; Assembler                 ; ice              ; Ubuntu 18.04.6 ; 18         ; x86_64         ;
; TimeQuest Timing Analyzer ; ice              ; Ubuntu 18.04.6 ; 18         ; x86_64         ;
+---------------------------+------------------+----------------+------------+----------------+


------------
; Flow Log ;
------------
quartus_map --read_settings_files=on --write_settings_files=off NetworkAnalyser -c NetworkAnalyser
quartus_fit --read_settings_files=off --write_settings_files=off NetworkAnalyser -c NetworkAnalyser
quartus_asm --read_settings_files=off --write_settings_files=off NetworkAnalyser -c NetworkAnalyser
quartus_sta NetworkAnalyser -c NetworkAnalyser



