Info: Starting: Create block symbol file (.bsf)
Info: ip-generate --project-directory=/ice/code.lab/IceNET.NetworkAnalyser/Quartus/ --output-directory=/ice/code.lab/IceNET.NetworkAnalyser/Quartus/NiosFirmware/ --report-file=bsf:/ice/code.lab/IceNET.NetworkAnalyser/Quartus/NiosFirmware.bsf --system-info=DEVICE_FAMILY="Cyclone II" --system-info=DEVICE=EP2C5T144C8 --system-info=DEVICE_SPEEDGRADE=8 --component-file=/ice/code.lab/IceNET.NetworkAnalyser/Quartus/NiosFirmware.qsys
Progress: Loading Quartus/NiosFirmware.qsys
Progress: Reading input file
Progress: Adding clock [clock_source 13.0]
Progress: Parameterizing module clock
Progress: Adding cpu [altera_nios2_qsys 13.0]
Progress: Parameterizing module cpu
Progress: Adding cpu_mem [altera_avalon_onchip_memory2 13.0.1.99.2]
Progress: Parameterizing module cpu_mem
Progress: Adding spi_mem [altera_avalon_onchip_memory2 13.0.1.99.2]
Progress: Parameterizing module spi_mem
Progress: Building connections
Progress: Parameterizing connections
Progress: Validating
Progress: Done reading input file
Info: ip-generate succeeded.
Info: Finished: Create block symbol file (.bsf)
Info: 
Info: Starting: Create HDL design files for synthesis
Info: ip-generate --project-directory=/ice/code.lab/IceNET.NetworkAnalyser/Quartus/ --output-directory=/ice/code.lab/IceNET.NetworkAnalyser/Quartus/NiosFirmware/synthesis/ --file-set=QUARTUS_SYNTH --report-file=sopcinfo:/ice/code.lab/IceNET.NetworkAnalyser/Quartus/NiosFirmware.sopcinfo --report-file=html:/ice/code.lab/IceNET.NetworkAnalyser/Quartus/NiosFirmware.html --report-file=qip:/ice/code.lab/IceNET.NetworkAnalyser/Quartus/NiosFirmware/synthesis/NiosFirmware.qip --report-file=cmp:/ice/code.lab/IceNET.NetworkAnalyser/Quartus/NiosFirmware.cmp --report-file=svd --system-info=DEVICE_FAMILY="Cyclone II" --system-info=DEVICE=EP2C5T144C8 --system-info=DEVICE_SPEEDGRADE=8 --component-file=/ice/code.lab/IceNET.NetworkAnalyser/Quartus/NiosFirmware.qsys --language=VHDL
Progress: Loading Quartus/NiosFirmware.qsys
Progress: Reading input file
Progress: Adding clock [clock_source 13.0]
Progress: Parameterizing module clock
Progress: Adding cpu [altera_nios2_qsys 13.0]
Progress: Parameterizing module cpu
Progress: Adding cpu_mem [altera_avalon_onchip_memory2 13.0.1.99.2]
Progress: Parameterizing module cpu_mem
Progress: Adding spi_mem [altera_avalon_onchip_memory2 13.0.1.99.2]
Progress: Parameterizing module spi_mem
Progress: Building connections
Progress: Parameterizing connections
Progress: Validating
Progress: Done reading input file
Info: NiosFirmware: Generating NiosFirmware "NiosFirmware" for QUARTUS_SYNTH
Info: pipeline_bridge_swap_transform: After transform: 4 modules, 14 connections
Info: No custom instruction connections, skipping transform 
Info: merlin_translator_transform: After transform: 9 modules, 29 connections
Info: merlin_domain_transform: After transform: 18 modules, 73 connections
Info: merlin_router_transform: After transform: 23 modules, 88 connections
Info: merlin_traffic_limiter_transform: After transform: 25 modules, 96 connections
Info: reset_adaptation_transform: After transform: 26 modules, 98 connections
Info: merlin_network_to_switch_transform: After transform: 35 modules, 120 connections
Info: limiter_update_transform: After transform: 35 modules, 122 connections
Info: merlin_mm_transform: After transform: 35 modules, 122 connections
Info: merlin_interrupt_mapper_transform: After transform: 36 modules, 125 connections
Warning: NiosFirmware: "No matching role found for rst_controller:reset_out:reset_req (reset_req)"
Warning: NiosFirmware: "No matching role found for rst_controller:reset_out:reset_req (reset_req)"
Warning: NiosFirmware: "No matching role found for rst_controller:reset_out:reset_req (reset_req)"
Warning: NiosFirmware: "No matching role found for rst_controller:reset_out:reset_req (reset_req)"
Warning: NiosFirmware: "No matching role found for rst_controller:reset_out:reset_req (reset_req)"
Warning: NiosFirmware: "No matching role found for rst_controller:reset_out:reset_req (reset_req)"
Warning: NiosFirmware: "No matching role found for rst_controller:reset_out:reset_req (reset_req)"
Warning: NiosFirmware: "No matching role found for rst_controller:reset_out:reset_req (reset_req)"
Warning: NiosFirmware: "No matching role found for rst_controller:reset_out:reset_req (reset_req)"
Warning: NiosFirmware: "No matching role found for rst_controller:reset_out:reset_req (reset_req)"
Warning: NiosFirmware: "No matching role found for rst_controller:reset_out:reset_req (reset_req)"
Warning: NiosFirmware: "No matching role found for rst_controller:reset_out:reset_req (reset_req)"
Warning: NiosFirmware: "No matching role found for rst_controller:reset_out:reset_req (reset_req)"
Warning: NiosFirmware: "No matching role found for rst_controller:reset_out:reset_req (reset_req)"
Warning: NiosFirmware: "No matching role found for rst_controller:reset_out:reset_req (reset_req)"
Warning: NiosFirmware: "No matching role found for rst_controller:reset_out:reset_req (reset_req)"
Warning: NiosFirmware: "No matching role found for rst_controller:reset_out:reset_req (reset_req)"
Warning: NiosFirmware: "No matching role found for rst_controller:reset_out:reset_req (reset_req)"
Warning: NiosFirmware: "No matching role found for rst_controller:reset_out:reset_req (reset_req)"
Warning: NiosFirmware: "No matching role found for rst_controller:reset_out:reset_req (reset_req)"
Warning: NiosFirmware: "No matching role found for rst_controller:reset_out:reset_req (reset_req)"
Warning: NiosFirmware: "No matching role found for rst_controller:reset_out:reset_req (reset_req)"
Warning: NiosFirmware: "No matching role found for rst_controller:reset_out:reset_req (reset_req)"
Warning: NiosFirmware: "No matching role found for rst_controller:reset_out:reset_req (reset_req)"
Warning: NiosFirmware: "No matching role found for rst_controller:reset_out:reset_req (reset_req)"
Warning: NiosFirmware: "No matching role found for rst_controller:reset_out:reset_req (reset_req)"
Warning: NiosFirmware: "No matching role found for rst_controller:reset_out:reset_req (reset_req)"
Warning: NiosFirmware: "No matching role found for rst_controller:reset_out:reset_req (reset_req)"
Warning: NiosFirmware: "No matching role found for rst_controller:reset_out:reset_req (reset_req)"
Warning: NiosFirmware: "No matching role found for rst_controller:reset_out:reset_req (reset_req)"
Warning: NiosFirmware: "No matching role found for rst_controller:reset_out:reset_req (reset_req)"
Warning: NiosFirmware: "No matching role found for rst_controller:reset_out:reset_req (reset_req)"
Info: cpu: Starting RTL generation for module 'NiosFirmware_cpu'
Info: cpu:   Generation command is [exec /home/ice/altera/13.0sp1/quartus/../ip/altera/nios2_ip/altera_nios2/eperl -I /home/ice/altera/13.0sp1/quartus/common/ip/altera/common/perl/5.8.3 -I /home/ice/altera/13.0sp1/quartus/sopc_builder/bin/europa -I /home/ice/altera/13.0sp1/quartus/sopc_builder/bin/perl_lib -I /home/ice/altera/13.0sp1/quartus/sopc_builder/bin -I /home/ice/altera/13.0sp1/quartus/../ip/altera/nios2_ip/altera_nios2/cpu_lib -I /home/ice/altera/13.0sp1/quartus/../ip/altera/nios2_ip/altera_nios2/nios_lib -I /home/ice/altera/13.0sp1/quartus/../ip/altera/nios2_ip/altera_nios2 -I /home/ice/altera/13.0sp1/quartus/../ip/altera/nios2_ip/altera_nios2 -- /home/ice/altera/13.0sp1/quartus/../ip/altera/nios2_ip/altera_nios2/generate_rtl.epl --name=NiosFirmware_cpu --dir=/tmp/alt9043_8231511544158079457.dir/0001_cpu_gen/ --quartus_dir=/home/ice/altera/13.0sp1/quartus --verilog --config=/tmp/alt9043_8231511544158079457.dir/0001_cpu_gen//NiosFirmware_cpu_processor_configuration.pl  --do_build_sim=0    --bogus  ]
Info: cpu: # 2022.02.20 16:16:50 (*) Starting Nios II generation
Info: cpu: # 2022.02.20 16:16:50 (*)   Checking for plaintext license.
Info: cpu: # 2022.02.20 16:16:51 (*)   Couldn't query license setup in Quartus directory /home/ice/altera/13.0sp1/quartus
Info: cpu: # 2022.02.20 16:16:51 (*)   Defaulting to contents of LM_LICENSE_FILE environment variable
Info: cpu: # 2022.02.20 16:16:51 (*)   LM_LICENSE_FILE environment variable is empty
Info: cpu: # 2022.02.20 16:16:51 (*)   Plaintext license not found.
Info: cpu: # 2022.02.20 16:16:51 (*)   Checking for encrypted license (non-evaluation).
Info: cpu: # 2022.02.20 16:16:52 (*)   Couldn't query license setup in Quartus directory /home/ice/altera/13.0sp1/quartus
Info: cpu: # 2022.02.20 16:16:52 (*)   Defaulting to contents of LM_LICENSE_FILE environment variable
Info: cpu: # 2022.02.20 16:16:52 (*)   LM_LICENSE_FILE environment variable is empty
Info: cpu: # 2022.02.20 16:16:52 (*)   Encrypted license not found.  Defaulting to OCP evaluation license (produces a time-limited SOF)
Info: cpu: # 2022.02.20 16:16:52 (*)   Elaborating CPU configuration settings
Info: cpu: # 2022.02.20 16:16:52 (*)   Creating all objects for CPU
Info: cpu: # 2022.02.20 16:16:52 (*)     Testbench
Info: cpu: # 2022.02.20 16:16:52 (*)     Instruction decoding
Info: cpu: # 2022.02.20 16:16:52 (*)       Instruction fields
Info: cpu: # 2022.02.20 16:16:52 (*)       Instruction decodes
Info: cpu: # 2022.02.20 16:16:52 (*)       Signals for RTL simulation waveforms
Info: cpu: # 2022.02.20 16:16:52 (*)       Instruction controls
Info: cpu: # 2022.02.20 16:16:52 (*)     Pipeline frontend
Info: cpu: # 2022.02.20 16:16:52 (*)     Pipeline backend
Info: cpu: # 2022.02.20 16:16:54 (*)   Generating RTL from CPU objects
Info: cpu: # 2022.02.20 16:16:57 (*)   Creating encrypted RTL
Info: cpu: # 2022.02.20 16:16:57 (*) Done Nios II generation
Info: cpu: Done RTL generation for module 'NiosFirmware_cpu'
Info: cpu: "NiosFirmware" instantiated altera_nios2_qsys "cpu"
Info: cpu_mem: Starting RTL generation for module 'NiosFirmware_cpu_mem'
Info: cpu_mem:   Generation command is [exec /home/ice/altera/13.0sp1/quartus/linux/perl/bin/perl -I /home/ice/altera/13.0sp1/quartus/common/ip/altera/common/perl/5.8.3 -I /home/ice/altera/13.0sp1/quartus/sopc_builder/bin/europa -I /home/ice/altera/13.0sp1/quartus/sopc_builder/bin/perl_lib -I /home/ice/altera/13.0sp1/quartus/sopc_builder/bin -I /home/ice/altera/13.0sp1/quartus/../ip/altera/sopc_builder_ip/common -I /home/ice/altera/13.0sp1/quartus/../ip/altera/sopc_builder_ip/altera_avalon_onchip_memory2 -- /home/ice/altera/13.0sp1/quartus/../ip/altera/sopc_builder_ip/altera_avalon_onchip_memory2/generate_rtl.pl --name=NiosFirmware_cpu_mem --dir=/tmp/alt9043_8231511544158079457.dir/0002_cpu_mem_gen/ --quartus_dir=/home/ice/altera/13.0sp1/quartus --verilog --config=/tmp/alt9043_8231511544158079457.dir/0002_cpu_mem_gen//NiosFirmware_cpu_mem_component_configuration.pl  --do_build_sim=0  ]
Info: cpu_mem: Done RTL generation for module 'NiosFirmware_cpu_mem'
Info: cpu_mem: "NiosFirmware" instantiated altera_avalon_onchip_memory2 "cpu_mem"
Info: spi_mem: Starting RTL generation for module 'NiosFirmware_spi_mem'
Info: spi_mem:   Generation command is [exec /home/ice/altera/13.0sp1/quartus/linux/perl/bin/perl -I /home/ice/altera/13.0sp1/quartus/common/ip/altera/common/perl/5.8.3 -I /home/ice/altera/13.0sp1/quartus/sopc_builder/bin/europa -I /home/ice/altera/13.0sp1/quartus/sopc_builder/bin/perl_lib -I /home/ice/altera/13.0sp1/quartus/sopc_builder/bin -I /home/ice/altera/13.0sp1/quartus/../ip/altera/sopc_builder_ip/common -I /home/ice/altera/13.0sp1/quartus/../ip/altera/sopc_builder_ip/altera_avalon_onchip_memory2 -- /home/ice/altera/13.0sp1/quartus/../ip/altera/sopc_builder_ip/altera_avalon_onchip_memory2/generate_rtl.pl --name=NiosFirmware_spi_mem --dir=/tmp/alt9043_8231511544158079457.dir/0003_spi_mem_gen/ --quartus_dir=/home/ice/altera/13.0sp1/quartus --verilog --config=/tmp/alt9043_8231511544158079457.dir/0003_spi_mem_gen//NiosFirmware_spi_mem_component_configuration.pl  --do_build_sim=0  ]
Info: spi_mem: Done RTL generation for module 'NiosFirmware_spi_mem'
Info: spi_mem: "NiosFirmware" instantiated altera_avalon_onchip_memory2 "spi_mem"
Info: cpu_instruction_master_translator: "NiosFirmware" instantiated altera_merlin_master_translator "cpu_instruction_master_translator"
Info: cpu_jtag_debug_module_translator: "NiosFirmware" instantiated altera_merlin_slave_translator "cpu_jtag_debug_module_translator"
Info: cpu_instruction_master_translator_avalon_universal_master_0_agent: "NiosFirmware" instantiated altera_merlin_master_agent "cpu_instruction_master_translator_avalon_universal_master_0_agent"
Info: cpu_jtag_debug_module_translator_avalon_universal_slave_0_agent: "NiosFirmware" instantiated altera_merlin_slave_agent "cpu_jtag_debug_module_translator_avalon_universal_slave_0_agent"
Info: cpu_jtag_debug_module_translator_avalon_universal_slave_0_agent_rsp_fifo: "NiosFirmware" instantiated altera_avalon_sc_fifo "cpu_jtag_debug_module_translator_avalon_universal_slave_0_agent_rsp_fifo"
Info: addr_router: "NiosFirmware" instantiated altera_merlin_router "addr_router"
Info: id_router: "NiosFirmware" instantiated altera_merlin_router "id_router"
Info: limiter: "NiosFirmware" instantiated altera_merlin_traffic_limiter "limiter"
Info: rst_controller: "NiosFirmware" instantiated altera_reset_controller "rst_controller"
Info: cmd_xbar_demux: "NiosFirmware" instantiated altera_merlin_demultiplexer "cmd_xbar_demux"
Info: cmd_xbar_mux: "NiosFirmware" instantiated altera_merlin_multiplexer "cmd_xbar_mux"
Info: rsp_xbar_demux: "NiosFirmware" instantiated altera_merlin_demultiplexer "rsp_xbar_demux"
Info: rsp_xbar_mux: "NiosFirmware" instantiated altera_merlin_multiplexer "rsp_xbar_mux"
Info: Reusing file /ice/code.lab/IceNET.NetworkAnalyser/Quartus/NiosFirmware/synthesis/submodules/altera_merlin_arbitrator.sv
Info: irq_mapper: "NiosFirmware" instantiated altera_irq_mapper "irq_mapper"
Info: NiosFirmware: Done NiosFirmware" with 18 modules, 73 files, 1529459 bytes
Info: ip-generate succeeded.
Info: Finished: Create HDL design files for synthesis
