Determining if the pthread_create exist failed with the following output:
Change Dir: /home/ice/code.lab/IceNET.Platform/firmware/app/build/CMakeFiles/CMakeTmp

Run Build Command:"/usr/bin/ninja" "cmTC_7f468"
[1/2] Building C object CMakeFiles/cmTC_7f468.dir/CheckSymbolExists.c.o
[2/2] Linking C executable cmTC_7f468
FAILED: cmTC_7f468 
: && /usr/bin/cc    CMakeFiles/cmTC_7f468.dir/CheckSymbolExists.c.o  -o cmTC_7f468   && :
CMakeFiles/cmTC_7f468.dir/CheckSymbolExists.c.o: In function `main':
CheckSymbolExists.c:(.text+0x14): undefined reference to `pthread_create'
CheckSymbolExists.c:(.text+0x18): undefined reference to `pthread_create'
collect2: error: ld returned 1 exit status
ninja: build stopped: subcommand failed.

File /home/ice/code.lab/IceNET.Platform/firmware/app/build/CMakeFiles/CMakeTmp/CheckSymbolExists.c:
/* */
#include <pthread.h>

int main(int argc, char** argv)
{
  (void)argv;
#ifndef pthread_create
  return ((int*)(&pthread_create))[argc];
#else
  (void)argc;
  return 0;
#endif
}

Determining if the function pthread_create exists in the pthreads failed with the following output:
Change Dir: /home/ice/code.lab/IceNET.Platform/firmware/app/build/CMakeFiles/CMakeTmp

Run Build Command:"/usr/bin/ninja" "cmTC_7f774"
[1/2] Building C object CMakeFiles/cmTC_7f774.dir/CheckFunctionExists.c.o
[2/2] Linking C executable cmTC_7f774
FAILED: cmTC_7f774 
: && /usr/bin/cc -DCHECK_FUNCTION_EXISTS=pthread_create   CMakeFiles/cmTC_7f774.dir/CheckFunctionExists.c.o  -o cmTC_7f774  -lpthreads && :
/usr/bin/ld: cannot find -lpthreads
collect2: error: ld returned 1 exit status
ninja: build stopped: subcommand failed.


